0 info it worked if it ends with ok
1 verbose cli [
1 verbose cli   '/home/ec2-user/.nvm/versions/node/v12.22.12/bin/node',
1 verbose cli   '/home/ec2-user/.nvm/versions/node/v12.22.12/bin/npm',
1 verbose cli   'install',
1 verbose cli   '-g',
1 verbose cli   'express'
1 verbose cli ]
2 info using npm@6.14.16
3 info using node@v12.22.12
4 verbose npm-session b4470eb6f762eb2e
5 silly install loadCurrentTree
6 silly install readGlobalPackageData
7 silly pacote directory manifest for undefined@file:express fetched in 10ms
8 timing stage:loadCurrentTree Completed in 194ms
9 silly install loadIdealTree
10 silly install cloneCurrentTreeToIdealTree
11 timing stage:loadIdealTree:cloneCurrentTree Completed in 1ms
12 silly install loadShrinkwrap
13 timing stage:loadIdealTree:loadShrinkwrap Completed in 43ms
14 silly install loadAllDepsIntoIdealTree
15 silly resolveWithNewModule express@4.18.2 checking installable status
16 silly removeObsoleteDep removing express@4.18.2 from the tree as its been replaced by a newer version or is no longer required
17 silly removeObsoleteDep removing accepts@1.3.8 from the tree as its been replaced by a newer version or is no longer required
18 silly removeObsoleteDep removing negotiator@0.6.3 from the tree as its been replaced by a newer version or is no longer required
19 silly removeObsoleteDep removing array-flatten@1.1.1 from the tree as its been replaced by a newer version or is no longer required
20 silly removeObsoleteDep removing body-parser@1.20.1 from the tree as its been replaced by a newer version or is no longer required
21 silly removeObsoleteDep removing bytes@3.1.2 from the tree as its been replaced by a newer version or is no longer required
22 silly removeObsoleteDep removing iconv-lite@0.4.24 from the tree as its been replaced by a newer version or is no longer required
23 silly removeObsoleteDep removing safer-buffer@2.1.2 from the tree as its been replaced by a newer version or is no longer required
24 silly removeObsoleteDep removing raw-body@2.5.1 from the tree as its been replaced by a newer version or is no longer required
25 silly removeObsoleteDep removing content-disposition@0.5.4 from the tree as its been replaced by a newer version or is no longer required
26 silly removeObsoleteDep removing content-type@1.0.4 from the tree as its been replaced by a newer version or is no longer required
27 silly removeObsoleteDep removing cookie@0.5.0 from the tree as its been replaced by a newer version or is no longer required
28 silly removeObsoleteDep removing cookie-signature@1.0.6 from the tree as its been replaced by a newer version or is no longer required
29 silly removeObsoleteDep removing finalhandler@1.2.0 from the tree as its been replaced by a newer version or is no longer required
30 silly removeObsoleteDep removing unpipe@1.0.0 from the tree as its been replaced by a newer version or is no longer required
31 silly removeObsoleteDep removing merge-descriptors@1.0.1 from the tree as its been replaced by a newer version or is no longer required
32 silly removeObsoleteDep removing methods@1.1.2 from the tree as its been replaced by a newer version or is no longer required
33 silly removeObsoleteDep removing path-to-regexp@0.1.7 from the tree as its been replaced by a newer version or is no longer required
34 silly removeObsoleteDep removing proxy-addr@2.0.7 from the tree as its been replaced by a newer version or is no longer required
35 silly removeObsoleteDep removing forwarded@0.2.0 from the tree as its been replaced by a newer version or is no longer required
36 silly removeObsoleteDep removing ipaddr.js@1.9.1 from the tree as its been replaced by a newer version or is no longer required
37 silly removeObsoleteDep removing qs@6.11.0 from the tree as its been replaced by a newer version or is no longer required
38 silly removeObsoleteDep removing side-channel@1.0.4 from the tree as its been replaced by a newer version or is no longer required
39 silly removeObsoleteDep removing call-bind@1.0.2 from the tree as its been replaced by a newer version or is no longer required
40 silly removeObsoleteDep removing function-bind@1.1.1 from the tree as its been replaced by a newer version or is no longer required
41 silly removeObsoleteDep removing get-intrinsic@1.1.3 from the tree as its been replaced by a newer version or is no longer required
42 silly removeObsoleteDep removing has@1.0.3 from the tree as its been replaced by a newer version or is no longer required
43 silly removeObsoleteDep removing has-symbols@1.0.3 from the tree as its been replaced by a newer version or is no longer required
44 silly removeObsoleteDep removing object-inspect@1.12.3 from the tree as its been replaced by a newer version or is no longer required
45 silly removeObsoleteDep removing safe-buffer@5.2.1 from the tree as its been replaced by a newer version or is no longer required
46 silly removeObsoleteDep removing serve-static@1.15.0 from the tree as its been replaced by a newer version or is no longer required
47 silly removeObsoleteDep removing encodeurl@1.0.2 from the tree as its been replaced by a newer version or is no longer required
48 silly removeObsoleteDep removing escape-html@1.0.3 from the tree as its been replaced by a newer version or is no longer required
49 silly removeObsoleteDep removing parseurl@1.3.3 from the tree as its been replaced by a newer version or is no longer required
50 silly removeObsoleteDep removing send@0.18.0 from the tree as its been replaced by a newer version or is no longer required
51 silly removeObsoleteDep removing debug@2.6.9 from the tree as its been replaced by a newer version or is no longer required
52 silly removeObsoleteDep removing ms@2.0.0 from the tree as its been replaced by a newer version or is no longer required
53 silly removeObsoleteDep removing depd@2.0.0 from the tree as its been replaced by a newer version or is no longer required
54 silly removeObsoleteDep removing destroy@1.2.0 from the tree as its been replaced by a newer version or is no longer required
55 silly removeObsoleteDep removing etag@1.8.1 from the tree as its been replaced by a newer version or is no longer required
56 silly removeObsoleteDep removing fresh@0.5.2 from the tree as its been replaced by a newer version or is no longer required
57 silly removeObsoleteDep removing http-errors@2.0.0 from the tree as its been replaced by a newer version or is no longer required
58 silly removeObsoleteDep removing inherits@2.0.4 from the tree as its been replaced by a newer version or is no longer required
59 silly removeObsoleteDep removing toidentifier@1.0.1 from the tree as its been replaced by a newer version or is no longer required
60 silly removeObsoleteDep removing mime@1.6.0 from the tree as its been replaced by a newer version or is no longer required
61 silly removeObsoleteDep removing ms@2.1.3 from the tree as its been replaced by a newer version or is no longer required
62 silly removeObsoleteDep removing on-finished@2.4.1 from the tree as its been replaced by a newer version or is no longer required
63 silly removeObsoleteDep removing ee-first@1.1.1 from the tree as its been replaced by a newer version or is no longer required
64 silly removeObsoleteDep removing range-parser@1.2.1 from the tree as its been replaced by a newer version or is no longer required
65 silly removeObsoleteDep removing setprototypeof@1.2.0 from the tree as its been replaced by a newer version or is no longer required
66 silly removeObsoleteDep removing statuses@2.0.1 from the tree as its been replaced by a newer version or is no longer required
67 silly removeObsoleteDep removing type-is@1.6.18 from the tree as its been replaced by a newer version or is no longer required
68 silly removeObsoleteDep removing media-typer@0.3.0 from the tree as its been replaced by a newer version or is no longer required
69 silly removeObsoleteDep removing mime-types@2.1.35 from the tree as its been replaced by a newer version or is no longer required
70 silly removeObsoleteDep removing mime-db@1.52.0 from the tree as its been replaced by a newer version or is no longer required
71 silly removeObsoleteDep removing utils-merge@1.0.1 from the tree as its been replaced by a newer version or is no longer required
72 silly removeObsoleteDep removing vary@1.1.2 from the tree as its been replaced by a newer version or is no longer required
73 http fetch GET 200 https://registry.npmjs.org/array-flatten 130ms (from cache)
74 http fetch GET 200 https://registry.npmjs.org/body-parser 131ms (from cache)
75 http fetch GET 200 https://registry.npmjs.org/content-disposition 131ms (from cache)
76 http fetch GET 200 https://registry.npmjs.org/content-type 129ms (from cache)
77 http fetch GET 200 https://registry.npmjs.org/cookie-signature 123ms (from cache)
78 http fetch GET 200 https://registry.npmjs.org/debug 122ms (from cache)
79 http fetch GET 200 https://registry.npmjs.org/escape-html 123ms (from cache)
80 http fetch GET 200 https://registry.npmjs.org/etag 122ms (from cache)
81 silly pacote version manifest for array-flatten@1.1.1 fetched in 150ms
82 silly resolveWithNewModule array-flatten@1.1.1 checking installable status
83 silly pacote version manifest for body-parser@1.20.1 fetched in 150ms
84 silly resolveWithNewModule body-parser@1.20.1 checking installable status
85 silly pacote version manifest for content-disposition@0.5.4 fetched in 151ms
86 silly resolveWithNewModule content-disposition@0.5.4 checking installable status
87 silly pacote range manifest for content-type@~1.0.4 fetched in 150ms
88 silly resolveWithNewModule content-type@1.0.4 checking installable status
89 silly pacote version manifest for cookie-signature@1.0.6 fetched in 143ms
90 silly resolveWithNewModule cookie-signature@1.0.6 checking installable status
91 silly pacote version manifest for debug@2.6.9 fetched in 144ms
92 silly resolveWithNewModule debug@2.6.9 checking installable status
93 silly pacote range manifest for escape-html@~1.0.3 fetched in 143ms
94 silly resolveWithNewModule escape-html@1.0.3 checking installable status
95 silly pacote range manifest for etag@~1.8.1 fetched in 143ms
96 silly resolveWithNewModule etag@1.8.1 checking installable status
97 http fetch GET 200 https://registry.npmjs.org/finalhandler 23ms (from cache)
98 http fetch GET 200 https://registry.npmjs.org/http-errors 23ms (from cache)
99 http fetch GET 200 https://registry.npmjs.org/merge-descriptors 23ms (from cache)
100 http fetch GET 200 https://registry.npmjs.org/methods 23ms (from cache)
101 http fetch GET 200 https://registry.npmjs.org/on-finished 23ms (from cache)
102 http fetch GET 200 https://registry.npmjs.org/parseurl 23ms (from cache)
103 http fetch GET 200 https://registry.npmjs.org/path-to-regexp 23ms (from cache)
104 silly pacote version manifest for finalhandler@1.2.0 fetched in 30ms
105 silly resolveWithNewModule finalhandler@1.2.0 checking installable status
106 silly pacote version manifest for http-errors@2.0.0 fetched in 30ms
107 silly resolveWithNewModule http-errors@2.0.0 checking installable status
108 silly pacote version manifest for merge-descriptors@1.0.1 fetched in 30ms
109 silly resolveWithNewModule merge-descriptors@1.0.1 checking installable status
110 silly pacote range manifest for methods@~1.1.2 fetched in 30ms
111 silly resolveWithNewModule methods@1.1.2 checking installable status
112 silly pacote version manifest for on-finished@2.4.1 fetched in 31ms
113 silly resolveWithNewModule on-finished@2.4.1 checking installable status
114 silly pacote range manifest for parseurl@~1.3.3 fetched in 31ms
115 silly resolveWithNewModule parseurl@1.3.3 checking installable status
116 silly pacote version manifest for path-to-regexp@0.1.7 fetched in 32ms
117 silly resolveWithNewModule path-to-regexp@0.1.7 checking installable status
118 http fetch GET 200 https://registry.npmjs.org/proxy-addr 45ms (from cache)
119 http fetch GET 200 https://registry.npmjs.org/qs 44ms (from cache)
120 http fetch GET 200 https://registry.npmjs.org/safe-buffer 45ms (from cache)
121 http fetch GET 200 https://registry.npmjs.org/send 45ms (from cache)
122 http fetch GET 200 https://registry.npmjs.org/serve-static 46ms (from cache)
123 http fetch GET 200 https://registry.npmjs.org/setprototypeof 46ms (from cache)
124 silly pacote range manifest for proxy-addr@~2.0.7 fetched in 60ms
125 silly resolveWithNewModule proxy-addr@2.0.7 checking installable status
126 silly pacote version manifest for qs@6.11.0 fetched in 60ms
127 silly resolveWithNewModule qs@6.11.0 checking installable status
128 silly pacote version manifest for safe-buffer@5.2.1 fetched in 60ms
129 silly resolveWithNewModule safe-buffer@5.2.1 checking installable status
130 silly pacote version manifest for send@0.18.0 fetched in 60ms
131 silly resolveWithNewModule send@0.18.0 checking installable status
132 silly pacote version manifest for serve-static@1.15.0 fetched in 61ms
133 silly resolveWithNewModule serve-static@1.15.0 checking installable status
134 silly pacote version manifest for setprototypeof@1.2.0 fetched in 60ms
135 silly resolveWithNewModule setprototypeof@1.2.0 checking installable status
136 http fetch GET 200 https://registry.npmjs.org/statuses 15ms (from cache)
137 http fetch GET 200 https://registry.npmjs.org/type-is 16ms (from cache)
138 http fetch GET 200 https://registry.npmjs.org/vary 15ms (from cache)
139 silly pacote version manifest for statuses@2.0.1 fetched in 20ms
140 silly resolveWithNewModule statuses@2.0.1 checking installable status
141 silly pacote range manifest for type-is@~1.6.18 fetched in 21ms
142 silly resolveWithNewModule type-is@1.6.18 checking installable status
143 silly pacote range manifest for vary@~1.1.2 fetched in 20ms
144 silly resolveWithNewModule vary@1.1.2 checking installable status
145 http fetch GET 304 https://registry.npmjs.org/accepts 282ms (from cache)
146 http fetch GET 304 https://registry.npmjs.org/encodeurl 269ms (from cache)
147 http fetch GET 304 https://registry.npmjs.org/fresh 126ms (from cache)
148 silly pacote range manifest for accepts@~1.3.8 fetched in 292ms
149 silly resolveWithNewModule accepts@1.3.8 checking installable status
150 silly pacote range manifest for encodeurl@~1.0.2 fetched in 273ms
151 silly resolveWithNewModule encodeurl@1.0.2 checking installable status
152 http fetch GET 304 https://registry.npmjs.org/range-parser 93ms (from cache)
153 silly pacote version manifest for fresh@0.5.2 fetched in 131ms
154 silly resolveWithNewModule fresh@0.5.2 checking installable status
155 silly pacote range manifest for range-parser@~1.2.1 fetched in 98ms
156 silly resolveWithNewModule range-parser@1.2.1 checking installable status
157 http fetch GET 304 https://registry.npmjs.org/utils-merge 37ms (from cache)
158 silly pacote version manifest for utils-merge@1.0.1 fetched in 38ms
159 silly resolveWithNewModule utils-merge@1.0.1 checking installable status
160 http fetch GET 200 https://registry.npmjs.org/mime-types 4ms (from cache)
161 http fetch GET 200 https://registry.npmjs.org/negotiator 4ms (from cache)
162 silly pacote range manifest for mime-types@~2.1.34 fetched in 6ms
163 silly resolveWithNewModule mime-types@2.1.35 checking installable status
164 silly pacote version manifest for negotiator@0.6.3 fetched in 13ms
165 silly resolveWithNewModule negotiator@0.6.3 checking installable status
166 http fetch GET 200 https://registry.npmjs.org/mime-db 2ms (from cache)
167 silly pacote version manifest for mime-db@1.52.0 fetched in 5ms
168 silly resolveWithNewModule mime-db@1.52.0 checking installable status
169 http fetch GET 200 https://registry.npmjs.org/bytes 26ms (from cache)
170 http fetch GET 200 https://registry.npmjs.org/destroy 21ms (from cache)
171 http fetch GET 200 https://registry.npmjs.org/iconv-lite 20ms (from cache)
172 http fetch GET 200 https://registry.npmjs.org/raw-body 21ms (from cache)
173 http fetch GET 200 https://registry.npmjs.org/unpipe 21ms (from cache)
174 silly pacote version manifest for bytes@3.1.2 fetched in 31ms
175 silly resolveWithNewModule bytes@3.1.2 checking installable status
176 silly pacote version manifest for destroy@1.2.0 fetched in 31ms
177 silly resolveWithNewModule destroy@1.2.0 checking installable status
178 silly pacote version manifest for iconv-lite@0.4.24 fetched in 25ms
179 silly resolveWithNewModule iconv-lite@0.4.24 checking installable status
180 silly pacote version manifest for raw-body@2.5.1 fetched in 26ms
181 silly resolveWithNewModule raw-body@2.5.1 checking installable status
182 silly pacote version manifest for unpipe@1.0.0 fetched in 26ms
183 silly resolveWithNewModule unpipe@1.0.0 checking installable status
184 http fetch GET 200 https://registry.npmjs.org/ms 2ms (from cache)
185 silly pacote version manifest for ms@2.0.0 fetched in 3ms
186 silly resolveWithNewModule ms@2.0.0 checking installable status
187 http fetch GET 200 https://registry.npmjs.org/inherits 5ms (from cache)
188 http fetch GET 200 https://registry.npmjs.org/toidentifier 6ms (from cache)
189 silly pacote version manifest for inherits@2.0.4 fetched in 7ms
190 silly resolveWithNewModule inherits@2.0.4 checking installable status
191 silly pacote version manifest for toidentifier@1.0.1 fetched in 8ms
192 silly resolveWithNewModule toidentifier@1.0.1 checking installable status
193 http fetch GET 200 https://registry.npmjs.org/safer-buffer 2ms (from cache)
194 silly pacote range manifest for safer-buffer@>= 2.1.2 < 3 fetched in 3ms
195 silly resolveWithNewModule safer-buffer@2.1.2 checking installable status
196 http fetch GET 304 https://registry.npmjs.org/ee-first 24ms (from cache)
197 silly pacote version manifest for ee-first@1.1.1 fetched in 25ms
198 silly resolveWithNewModule ee-first@1.1.1 checking installable status
199 http fetch GET 200 https://registry.npmjs.org/side-channel 2ms (from cache)
200 silly pacote range manifest for side-channel@^1.0.4 fetched in 3ms
201 silly resolveWithNewModule side-channel@1.0.4 checking installable status
202 http fetch GET 200 https://registry.npmjs.org/call-bind 11ms (from cache)
203 http fetch GET 200 https://registry.npmjs.org/get-intrinsic 10ms (from cache)
204 http fetch GET 200 https://registry.npmjs.org/object-inspect 11ms (from cache)
205 silly pacote range manifest for call-bind@^1.0.0 fetched in 14ms
206 silly resolveWithNewModule call-bind@1.0.2 checking installable status
207 silly pacote range manifest for get-intrinsic@^1.0.2 fetched in 14ms
208 silly resolveWithNewModule get-intrinsic@1.1.3 checking installable status
209 silly pacote range manifest for object-inspect@^1.9.0 fetched in 14ms
210 silly resolveWithNewModule object-inspect@1.12.3 checking installable status
211 http fetch GET 200 https://registry.npmjs.org/function-bind 9ms (from cache)
212 silly pacote range manifest for function-bind@^1.1.1 fetched in 10ms
213 silly resolveWithNewModule function-bind@1.1.1 checking installable status
214 http fetch GET 200 https://registry.npmjs.org/has-symbols 4ms (from cache)
215 silly pacote range manifest for has-symbols@^1.0.3 fetched in 5ms
216 silly resolveWithNewModule has-symbols@1.0.3 checking installable status
217 http fetch GET 304 https://registry.npmjs.org/has 33ms (from cache)
218 silly pacote range manifest for has@^1.0.3 fetched in 34ms
219 silly resolveWithNewModule has@1.0.3 checking installable status
220 http fetch GET 200 https://registry.npmjs.org/media-typer 4ms (from cache)
221 silly pacote version manifest for media-typer@0.3.0 fetched in 4ms
222 silly resolveWithNewModule media-typer@0.3.0 checking installable status
223 http fetch GET 200 https://registry.npmjs.org/ipaddr.js 5ms (from cache)
224 silly pacote version manifest for ipaddr.js@1.9.1 fetched in 6ms
225 silly resolveWithNewModule ipaddr.js@1.9.1 checking installable status
226 http fetch GET 304 https://registry.npmjs.org/forwarded 29ms (from cache)
227 silly pacote version manifest for forwarded@0.2.0 fetched in 29ms
228 silly resolveWithNewModule forwarded@0.2.0 checking installable status
229 silly pacote version manifest for ms@2.1.3 fetched in 14ms
230 silly resolveWithNewModule ms@2.1.3 checking installable status
231 http fetch GET 304 https://registry.npmjs.org/mime 45ms (from cache)
232 silly pacote version manifest for mime@1.6.0 fetched in 47ms
233 silly resolveWithNewModule mime@1.6.0 checking installable status
234 timing stage:loadIdealTree:loadAllDepsIntoIdealTree Completed in 652ms
235 timing stage:loadIdealTree Completed in 738ms
236 silly currentTree lib
236 silly currentTree └─┬ express@4.18.2
236 silly currentTree   ├── accepts@1.3.8
236 silly currentTree   ├── array-flatten@1.1.1
236 silly currentTree   ├── body-parser@1.20.1
236 silly currentTree   ├── bytes@3.1.2
236 silly currentTree   ├── call-bind@1.0.2
236 silly currentTree   ├── content-disposition@0.5.4
236 silly currentTree   ├── content-type@1.0.4
236 silly currentTree   ├── cookie-signature@1.0.6
236 silly currentTree   ├── cookie@0.5.0
236 silly currentTree   ├── debug@2.6.9
236 silly currentTree   ├── depd@2.0.0
236 silly currentTree   ├── destroy@1.2.0
236 silly currentTree   ├── ee-first@1.1.1
236 silly currentTree   ├── encodeurl@1.0.2
236 silly currentTree   ├── escape-html@1.0.3
236 silly currentTree   ├── etag@1.8.1
236 silly currentTree   ├── finalhandler@1.2.0
236 silly currentTree   ├── forwarded@0.2.0
236 silly currentTree   ├── fresh@0.5.2
236 silly currentTree   ├── function-bind@1.1.1
236 silly currentTree   ├── get-intrinsic@1.1.3
236 silly currentTree   ├── has-symbols@1.0.3
236 silly currentTree   ├── has@1.0.3
236 silly currentTree   ├── http-errors@2.0.0
236 silly currentTree   ├── iconv-lite@0.4.24
236 silly currentTree   ├── inherits@2.0.4
236 silly currentTree   ├── ipaddr.js@1.9.1
236 silly currentTree   ├── media-typer@0.3.0
236 silly currentTree   ├── merge-descriptors@1.0.1
236 silly currentTree   ├── methods@1.1.2
236 silly currentTree   ├── mime-db@1.52.0
236 silly currentTree   ├── mime-types@2.1.35
236 silly currentTree   ├── mime@1.6.0
236 silly currentTree   ├── ms@2.0.0
236 silly currentTree   ├── negotiator@0.6.3
236 silly currentTree   ├── object-inspect@1.12.3
236 silly currentTree   ├── on-finished@2.4.1
236 silly currentTree   ├── parseurl@1.3.3
236 silly currentTree   ├── path-to-regexp@0.1.7
236 silly currentTree   ├── proxy-addr@2.0.7
236 silly currentTree   ├── qs@6.11.0
236 silly currentTree   ├── range-parser@1.2.1
236 silly currentTree   ├── raw-body@2.5.1
236 silly currentTree   ├── safe-buffer@5.2.1
236 silly currentTree   ├── safer-buffer@2.1.2
236 silly currentTree   ├─┬ send@0.18.0
236 silly currentTree   │ └── ms@2.1.3
236 silly currentTree   ├── serve-static@1.15.0
236 silly currentTree   ├── setprototypeof@1.2.0
236 silly currentTree   ├── side-channel@1.0.4
236 silly currentTree   ├── statuses@2.0.1
236 silly currentTree   ├── toidentifier@1.0.1
236 silly currentTree   ├── type-is@1.6.18
236 silly currentTree   ├── unpipe@1.0.0
236 silly currentTree   ├── utils-merge@1.0.1
236 silly currentTree   └── vary@1.1.2
237 silly idealTree lib
237 silly idealTree └─┬ express@4.18.2
237 silly idealTree   ├── accepts@1.3.8
237 silly idealTree   ├── array-flatten@1.1.1
237 silly idealTree   ├── body-parser@1.20.1
237 silly idealTree   ├── bytes@3.1.2
237 silly idealTree   ├── call-bind@1.0.2
237 silly idealTree   ├── content-disposition@0.5.4
237 silly idealTree   ├── content-type@1.0.4
237 silly idealTree   ├── cookie-signature@1.0.6
237 silly idealTree   ├── cookie@0.5.0
237 silly idealTree   ├── debug@2.6.9
237 silly idealTree   ├── depd@2.0.0
237 silly idealTree   ├── destroy@1.2.0
237 silly idealTree   ├── ee-first@1.1.1
237 silly idealTree   ├── encodeurl@1.0.2
237 silly idealTree   ├── escape-html@1.0.3
237 silly idealTree   ├── etag@1.8.1
237 silly idealTree   ├── finalhandler@1.2.0
237 silly idealTree   ├── forwarded@0.2.0
237 silly idealTree   ├── fresh@0.5.2
237 silly idealTree   ├── function-bind@1.1.1
237 silly idealTree   ├── get-intrinsic@1.1.3
237 silly idealTree   ├── has-symbols@1.0.3
237 silly idealTree   ├── has@1.0.3
237 silly idealTree   ├── http-errors@2.0.0
237 silly idealTree   ├── iconv-lite@0.4.24
237 silly idealTree   ├── inherits@2.0.4
237 silly idealTree   ├── ipaddr.js@1.9.1
237 silly idealTree   ├── media-typer@0.3.0
237 silly idealTree   ├── merge-descriptors@1.0.1
237 silly idealTree   ├── methods@1.1.2
237 silly idealTree   ├── mime-db@1.52.0
237 silly idealTree   ├── mime-types@2.1.35
237 silly idealTree   ├── mime@1.6.0
237 silly idealTree   ├── ms@2.0.0
237 silly idealTree   ├── negotiator@0.6.3
237 silly idealTree   ├── object-inspect@1.12.3
237 silly idealTree   ├── on-finished@2.4.1
237 silly idealTree   ├── parseurl@1.3.3
237 silly idealTree   ├── path-to-regexp@0.1.7
237 silly idealTree   ├── proxy-addr@2.0.7
237 silly idealTree   ├── qs@6.11.0
237 silly idealTree   ├── range-parser@1.2.1
237 silly idealTree   ├── raw-body@2.5.1
237 silly idealTree   ├── safe-buffer@5.2.1
237 silly idealTree   ├── safer-buffer@2.1.2
237 silly idealTree   ├─┬ send@0.18.0
237 silly idealTree   │ └── ms@2.1.3
237 silly idealTree   ├── serve-static@1.15.0
237 silly idealTree   ├── setprototypeof@1.2.0
237 silly idealTree   ├── side-channel@1.0.4
237 silly idealTree   ├── statuses@2.0.1
237 silly idealTree   ├── toidentifier@1.0.1
237 silly idealTree   ├── type-is@1.6.18
237 silly idealTree   ├── unpipe@1.0.0
237 silly idealTree   ├── utils-merge@1.0.1
237 silly idealTree   └── vary@1.1.2
238 silly install generateActionsToTake
239 warn checkPermissions Missing write access to /home/ec2-user/node_modules/express/node_modules/bytes
240 warn checkPermissions Missing write access to /home/ec2-user/node_modules/express/node_modules/content-type
241 warn checkPermissions Missing write access to /home/ec2-user/node_modules/express/node_modules/destroy
242 warn checkPermissions Missing write access to /home/ec2-user/node_modules/express/node_modules/ee-first
243 warn checkPermissions Missing write access to /home/ec2-user/node_modules/express/node_modules/encodeurl
244 warn checkPermissions Missing write access to /home/ec2-user/node_modules/express/node_modules/escape-html
245 warn checkPermissions Missing write access to /home/ec2-user/node_modules/express/node_modules/etag
246 warn checkPermissions Missing write access to /home/ec2-user/node_modules/express/node_modules/forwarded
247 warn checkPermissions Missing write access to /home/ec2-user/node_modules/express/node_modules/fresh
248 warn checkPermissions Missing write access to /home/ec2-user/node_modules/express/node_modules/function-bind
249 warn checkPermissions Missing write access to /home/ec2-user/node_modules/express/node_modules/has
250 warn checkPermissions Missing write access to /home/ec2-user/node_modules/express/node_modules/has-symbols
251 warn checkPermissions Missing write access to /home/ec2-user/node_modules/express/node_modules/get-intrinsic
252 warn checkPermissions Missing write access to /home/ec2-user/node_modules/express/node_modules/call-bind
253 warn checkPermissions Missing write access to /home/ec2-user/node_modules/express/node_modules/inherits
254 warn checkPermissions Missing write access to /home/ec2-user/node_modules/express/node_modules/ipaddr.js
255 warn checkPermissions Missing write access to /home/ec2-user/node_modules/express/node_modules/media-typer
256 warn checkPermissions Missing write access to /home/ec2-user/node_modules/express/node_modules/mime
257 warn checkPermissions Missing write access to /home/ec2-user/node_modules/express/node_modules/mime-db
258 warn checkPermissions Missing write access to /home/ec2-user/node_modules/express/node_modules/mime-types
259 warn checkPermissions Missing write access to /home/ec2-user/node_modules/express/node_modules/ms
260 warn checkPermissions Missing write access to /home/ec2-user/node_modules/express/node_modules/debug
261 warn checkPermissions Missing write access to /home/ec2-user/node_modules/express/node_modules/negotiator
262 warn checkPermissions Missing write access to /home/ec2-user/node_modules/express/node_modules/object-inspect
263 warn checkPermissions Missing write access to /home/ec2-user/node_modules/express/node_modules/on-finished
264 warn checkPermissions Missing write access to /home/ec2-user/node_modules/express/node_modules/parseurl
265 warn checkPermissions Missing write access to /home/ec2-user/node_modules/express/node_modules/range-parser
266 warn checkPermissions Missing write access to /home/ec2-user/node_modules/express/node_modules/safe-buffer
267 warn checkPermissions Missing write access to /home/ec2-user/node_modules/express/node_modules/safer-buffer
268 warn checkPermissions Missing write access to /home/ec2-user/node_modules/express/node_modules/iconv-lite
269 warn checkPermissions Missing write access to /home/ec2-user/node_modules/express/node_modules/setprototypeof
270 warn checkPermissions Missing write access to /home/ec2-user/node_modules/express/node_modules/side-channel
271 warn checkPermissions Missing write access to /home/ec2-user/node_modules/express/node_modules/qs
272 warn checkPermissions Missing write access to /home/ec2-user/node_modules/express/node_modules/statuses
273 warn checkPermissions Missing write access to /home/ec2-user/node_modules/express/node_modules/toidentifier
274 warn checkPermissions Missing write access to /home/ec2-user/node_modules/express/node_modules/http-errors
275 warn checkPermissions Missing write access to /home/ec2-user/node_modules/express/node_modules/send
276 warn checkPermissions Missing write access to /home/ec2-user/node_modules/express/node_modules/type-is
277 warn checkPermissions Missing write access to /home/ec2-user/node_modules/express/node_modules/unpipe
278 warn checkPermissions Missing write access to /home/ec2-user/node_modules/express/node_modules/raw-body
279 warn checkPermissions Missing write access to /home/ec2-user/node_modules/express/node_modules/accepts
280 warn checkPermissions Missing write access to /home/ec2-user/node_modules/express/node_modules/array-flatten
281 warn checkPermissions Missing write access to /home/ec2-user/node_modules/express/node_modules/body-parser
282 warn checkPermissions Missing write access to /home/ec2-user/node_modules/express/node_modules/content-disposition
283 warn checkPermissions Missing write access to /home/ec2-user/node_modules/express/node_modules/cookie-signature
284 warn checkPermissions Missing write access to /home/ec2-user/node_modules/express/node_modules/finalhandler
285 warn checkPermissions Missing write access to /home/ec2-user/node_modules/express/node_modules/merge-descriptors
286 warn checkPermissions Missing write access to /home/ec2-user/node_modules/express/node_modules/methods
287 warn checkPermissions Missing write access to /home/ec2-user/node_modules/express/node_modules/path-to-regexp
288 warn checkPermissions Missing write access to /home/ec2-user/node_modules/express/node_modules/proxy-addr
289 warn checkPermissions Missing write access to /home/ec2-user/node_modules/express/node_modules/serve-static
290 warn checkPermissions Missing write access to /home/ec2-user/node_modules/express/node_modules/utils-merge
291 warn checkPermissions Missing write access to /home/ec2-user/node_modules/express/node_modules/vary
292 timing stage:rollbackFailedOptional Completed in 0ms
293 timing stage:runTopLevelLifecycles Completed in 976ms
294 verbose stack Error: ENOENT: no such file or directory, access '/home/ec2-user/node_modules/express/node_modules/bytes'
295 verbose cwd /home/ec2-user/node_modules
296 verbose Linux 5.10.157-139.675.amzn2.x86_64
297 verbose argv "/home/ec2-user/.nvm/versions/node/v12.22.12/bin/node" "/home/ec2-user/.nvm/versions/node/v12.22.12/bin/npm" "install" "-g" "express"
298 verbose node v12.22.12
299 verbose npm  v6.14.16
300 error code ENOENT
301 error syscall access
302 error path /home/ec2-user/node_modules/express/node_modules/bytes
303 error errno -2
304 error enoent ENOENT: no such file or directory, access '/home/ec2-user/node_modules/express/node_modules/bytes'
305 error enoent This is related to npm not being able to find a file.
306 verbose exit [ -2, true ]
