0 info it worked if it ends with ok
1 verbose cli [
1 verbose cli   '/home/ec2-user/.nvm/versions/node/v12.22.12/bin/node',
1 verbose cli   '/home/ec2-user/.nvm/versions/node/v12.22.12/bin/npm',
1 verbose cli   'install',
1 verbose cli   'express'
1 verbose cli ]
2 info using npm@6.14.16
3 info using node@v12.22.12
4 verbose config Skipping project config: /home/ec2-user/.npmrc. (matches userconfig)
5 verbose npm-session b22e24ea1a26fa3c
6 silly install loadCurrentTree
7 silly install readLocalPackageData
8 silly pacote directory manifest for undefined@file:express fetched in 6ms
9 timing stage:loadCurrentTree Completed in 330ms
10 silly install loadIdealTree
11 silly install cloneCurrentTreeToIdealTree
12 timing stage:loadIdealTree:cloneCurrentTree Completed in 2ms
13 silly install loadShrinkwrap
14 timing stage:loadIdealTree:loadShrinkwrap Completed in 194ms
15 silly install loadAllDepsIntoIdealTree
16 silly resolveWithNewModule express@4.18.2 checking installable status
17 silly removeObsoleteDep removing express@4.18.2 from the tree as its been replaced by a newer version or is no longer required
18 silly removeObsoleteDep removing accepts@1.3.8 from the tree as its been replaced by a newer version or is no longer required
19 silly removeObsoleteDep removing negotiator@0.6.3 from the tree as its been replaced by a newer version or is no longer required
20 silly removeObsoleteDep removing array-flatten@1.1.1 from the tree as its been replaced by a newer version or is no longer required
21 silly removeObsoleteDep removing content-disposition@0.5.4 from the tree as its been replaced by a newer version or is no longer required
22 silly removeObsoleteDep removing cookie@0.5.0 from the tree as its been replaced by a newer version or is no longer required
23 silly removeObsoleteDep removing depd@2.0.0 from the tree as its been replaced by a newer version or is no longer required
24 silly removeObsoleteDep removing finalhandler@1.2.0 from the tree as its been replaced by a newer version or is no longer required
25 silly removeObsoleteDep removing merge-descriptors@1.0.1 from the tree as its been replaced by a newer version or is no longer required
26 silly removeObsoleteDep removing methods@1.1.2 from the tree as its been replaced by a newer version or is no longer required
27 silly removeObsoleteDep removing path-to-regexp@0.1.7 from the tree as its been replaced by a newer version or is no longer required
28 silly removeObsoleteDep removing proxy-addr@2.0.7 from the tree as its been replaced by a newer version or is no longer required
29 silly removeObsoleteDep removing forwarded@0.2.0 from the tree as its been replaced by a newer version or is no longer required
30 silly removeObsoleteDep removing ipaddr.js@1.9.1 from the tree as its been replaced by a newer version or is no longer required
31 silly removeObsoleteDep removing serve-static@1.15.0 from the tree as its been replaced by a newer version or is no longer required
32 silly removeObsoleteDep removing encodeurl@1.0.2 from the tree as its been replaced by a newer version or is no longer required
33 silly removeObsoleteDep removing escape-html@1.0.3 from the tree as its been replaced by a newer version or is no longer required
34 silly removeObsoleteDep removing parseurl@1.3.3 from the tree as its been replaced by a newer version or is no longer required
35 silly removeObsoleteDep removing send@0.18.0 from the tree as its been replaced by a newer version or is no longer required
36 silly removeObsoleteDep removing depd@2.0.0 from the tree as its been replaced by a newer version or is no longer required
37 silly removeObsoleteDep removing etag@1.8.1 from the tree as its been replaced by a newer version or is no longer required
38 silly removeObsoleteDep removing fresh@0.5.2 from the tree as its been replaced by a newer version or is no longer required
39 silly removeObsoleteDep removing mime@1.6.0 from the tree as its been replaced by a newer version or is no longer required
40 silly removeObsoleteDep removing range-parser@1.2.1 from the tree as its been replaced by a newer version or is no longer required
41 silly removeObsoleteDep removing utils-merge@1.0.1 from the tree as its been replaced by a newer version or is no longer required
42 http fetch GET 200 https://registry.npmjs.org/array-flatten 110ms (from cache)
43 http fetch GET 200 https://registry.npmjs.org/content-disposition 110ms (from cache)
44 http fetch GET 200 https://registry.npmjs.org/encodeurl 106ms (from cache)
45 http fetch GET 200 https://registry.npmjs.org/escape-html 107ms (from cache)
46 http fetch GET 200 https://registry.npmjs.org/etag 95ms (from cache)
47 http fetch GET 200 https://registry.npmjs.org/fresh 95ms (from cache)
48 http fetch GET 200 https://registry.npmjs.org/merge-descriptors 91ms (from cache)
49 http fetch GET 200 https://registry.npmjs.org/methods 90ms (from cache)
50 silly pacote version manifest for array-flatten@1.1.1 fetched in 119ms
51 silly resolveWithNewModule array-flatten@1.1.1 checking installable status
52 silly pacote version manifest for content-disposition@0.5.4 fetched in 118ms
53 silly resolveWithNewModule content-disposition@0.5.4 checking installable status
54 silly pacote range manifest for encodeurl@~1.0.2 fetched in 116ms
55 silly resolveWithNewModule encodeurl@1.0.2 checking installable status
56 silly pacote range manifest for escape-html@~1.0.3 fetched in 116ms
57 silly resolveWithNewModule escape-html@1.0.3 checking installable status
58 silly pacote range manifest for etag@~1.8.1 fetched in 105ms
59 silly resolveWithNewModule etag@1.8.1 checking installable status
60 silly pacote version manifest for fresh@0.5.2 fetched in 105ms
61 silly resolveWithNewModule fresh@0.5.2 checking installable status
62 silly pacote version manifest for merge-descriptors@1.0.1 fetched in 102ms
63 silly resolveWithNewModule merge-descriptors@1.0.1 checking installable status
64 silly pacote range manifest for methods@~1.1.2 fetched in 102ms
65 silly resolveWithNewModule methods@1.1.2 checking installable status
66 http fetch GET 200 https://registry.npmjs.org/range-parser 23ms (from cache)
67 http fetch GET 200 https://registry.npmjs.org/send 24ms (from cache)
68 http fetch GET 200 https://registry.npmjs.org/utils-merge 24ms (from cache)
69 silly pacote range manifest for range-parser@~1.2.1 fetched in 28ms
70 silly resolveWithNewModule range-parser@1.2.1 checking installable status
71 silly pacote version manifest for send@0.18.0 fetched in 28ms
72 silly resolveWithNewModule send@0.18.0 checking installable status
73 silly pacote version manifest for utils-merge@1.0.1 fetched in 28ms
74 silly resolveWithNewModule utils-merge@1.0.1 checking installable status
75 http fetch GET 304 https://registry.npmjs.org/accepts 231ms (from cache)
76 silly pacote range manifest for accepts@~1.3.8 fetched in 250ms
77 silly resolveWithNewModule accepts@1.3.8 checking installable status
78 http fetch GET 304 https://registry.npmjs.org/serve-static 118ms (from cache)
79 http fetch GET 304 https://registry.npmjs.org/path-to-regexp 120ms (from cache)
80 http fetch GET 304 https://registry.npmjs.org/proxy-addr 122ms (from cache)
81 silly pacote version manifest for serve-static@1.15.0 fetched in 122ms
82 silly resolveWithNewModule serve-static@1.15.0 checking installable status
83 silly pacote version manifest for path-to-regexp@0.1.7 fetched in 124ms
84 silly resolveWithNewModule path-to-regexp@0.1.7 checking installable status
85 silly pacote range manifest for proxy-addr@~2.0.7 fetched in 124ms
86 silly resolveWithNewModule proxy-addr@2.0.7 checking installable status
87 http fetch GET 304 https://registry.npmjs.org/finalhandler 699ms (from cache)
88 silly pacote version manifest for finalhandler@1.2.0 fetched in 700ms
89 silly resolveWithNewModule finalhandler@1.2.0 checking installable status
90 http fetch GET 304 https://registry.npmjs.org/parseurl 611ms (from cache)
91 silly pacote range manifest for parseurl@~1.3.3 fetched in 612ms
92 silly resolveWithNewModule parseurl@1.3.3 checking installable status
93 http fetch GET 200 https://registry.npmjs.org/negotiator 3ms (from cache)
94 silly pacote version manifest for negotiator@0.6.3 fetched in 7ms
95 silly resolveWithNewModule negotiator@0.6.3 checking installable status
96 http fetch GET 304 https://registry.npmjs.org/forwarded 33ms (from cache)
97 silly pacote version manifest for forwarded@0.2.0 fetched in 34ms
98 silly resolveWithNewModule forwarded@0.2.0 checking installable status
99 http fetch GET 304 https://registry.npmjs.org/ipaddr.js 35ms (from cache)
100 silly pacote version manifest for ipaddr.js@1.9.1 fetched in 36ms
101 silly resolveWithNewModule ipaddr.js@1.9.1 checking installable status
102 http fetch GET 200 https://registry.npmjs.org/depd 6ms (from cache)
103 http fetch GET 200 https://registry.npmjs.org/mime 7ms (from cache)
104 silly pacote version manifest for depd@2.0.0 fetched in 8ms
105 silly resolveWithNewModule depd@2.0.0 checking installable status
106 silly pacote version manifest for mime@1.6.0 fetched in 9ms
107 silly resolveWithNewModule mime@1.6.0 checking installable status
108 timing stage:loadIdealTree:loadAllDepsIntoIdealTree Completed in 990ms
109 timing stage:loadIdealTree Completed in 1246ms
110 silly currentTree ec2-user@1.0.0
110 silly currentTree ├── accepts@1.3.8
110 silly currentTree ├── ansi-styles@3.2.1
110 silly currentTree ├── array-flatten@1.1.1
110 silly currentTree ├── bl@2.2.1
110 silly currentTree ├─┬ body-parser@1.20.1
110 silly currentTree │ └── depd@2.0.0
110 silly currentTree ├── bson@1.1.6
110 silly currentTree ├── buffer-equal-constant-time@1.0.1
110 silly currentTree ├── busboy@1.6.0
110 silly currentTree ├── bytes@3.1.2
110 silly currentTree ├── call-bind@1.0.2
110 silly currentTree ├── chalk@2.4.2
110 silly currentTree ├── color-convert@1.9.3
110 silly currentTree ├── color-name@1.1.3
110 silly currentTree ├── content-disposition@0.5.4
110 silly currentTree ├── content-type@1.0.4
110 silly currentTree ├── cookie-parser@1.4.6
110 silly currentTree ├── cookie-signature@1.0.6
110 silly currentTree ├── cookie@0.4.1
110 silly currentTree ├── cookies@0.7.3
110 silly currentTree ├── core-util-is@1.0.3
110 silly currentTree ├── cors@2.8.5
110 silly currentTree ├─┬ debug@2.6.9
110 silly currentTree │ └── ms@2.0.0
110 silly currentTree ├── denque@1.5.1
110 silly currentTree ├── depd@1.1.2
110 silly currentTree ├── destroy@1.2.0
110 silly currentTree ├── ecdsa-sig-formatter@1.0.11
110 silly currentTree ├── ee-first@1.1.1
110 silly currentTree ├── encodeurl@1.0.2
110 silly currentTree ├── escape-html@1.0.3
110 silly currentTree ├── escape-string-regexp@1.0.5
110 silly currentTree ├── etag@1.8.1
110 silly currentTree ├── express-fileupload@1.4.0
110 silly currentTree ├─┬ express@4.18.2
110 silly currentTree │ ├── cookie@0.5.0
110 silly currentTree │ └── depd@2.0.0
110 silly currentTree ├── finalhandler@1.2.0
110 silly currentTree ├── forwarded@0.2.0
110 silly currentTree ├── fresh@0.5.2
110 silly currentTree ├── function-bind@1.1.1
110 silly currentTree ├── get-intrinsic@1.1.3
110 silly currentTree ├── has-flag@3.0.0
110 silly currentTree ├── has-symbols@1.0.3
110 silly currentTree ├── has@1.0.3
110 silly currentTree ├─┬ http-errors@2.0.0
110 silly currentTree │ └── depd@2.0.0
110 silly currentTree ├── iconv-lite@0.4.24
110 silly currentTree ├── inherits@2.0.4
110 silly currentTree ├── ipaddr.js@1.9.1
110 silly currentTree ├── isarray@1.0.0
110 silly currentTree ├── jsonwebtoken@8.5.1
110 silly currentTree ├── jwa@1.4.1
110 silly currentTree ├── jws@3.2.2
110 silly currentTree ├── keygrip@1.0.3
110 silly currentTree ├── lodash.includes@4.3.0
110 silly currentTree ├── lodash.isboolean@3.0.3
110 silly currentTree ├── lodash.isinteger@4.0.4
110 silly currentTree ├── lodash.isnumber@3.0.3
110 silly currentTree ├── lodash.isplainobject@4.0.6
110 silly currentTree ├── lodash.isstring@4.0.1
110 silly currentTree ├── lodash.once@4.1.1
110 silly currentTree ├── media-typer@0.3.0
110 silly currentTree ├── memory-pager@1.5.0
110 silly currentTree ├── merge-descriptors@1.0.1
110 silly currentTree ├── methods@1.1.2
110 silly currentTree ├── mime-db@1.52.0
110 silly currentTree ├── mime-types@2.1.35
110 silly currentTree ├── mime@1.6.0
110 silly currentTree ├── moment@2.29.4
110 silly currentTree ├── mongodb@3.7.3
110 silly currentTree ├── ms@2.1.3
110 silly currentTree ├── negotiator@0.6.3
110 silly currentTree ├── object-assign@4.1.1
110 silly currentTree ├── object-inspect@1.12.3
110 silly currentTree ├── on-finished@2.4.1
110 silly currentTree ├── optional-require@1.1.8
110 silly currentTree ├── parseurl@1.3.3
110 silly currentTree ├── path-to-regexp@0.1.7
110 silly currentTree ├── pluralize@8.0.0
110 silly currentTree ├── process-nextick-args@2.0.1
110 silly currentTree ├── proxy-addr@2.0.7
110 silly currentTree ├── qs@6.11.0
110 silly currentTree ├── range-parser@1.2.1
110 silly currentTree ├── raw-body@2.5.1
110 silly currentTree ├─┬ readable-stream@2.3.7
110 silly currentTree │ └── safe-buffer@5.1.2
110 silly currentTree ├── require-at@1.0.6
110 silly currentTree ├── ronin-database@0.1.1
110 silly currentTree ├── ronin-entity@0.1.11
110 silly currentTree ├── ronin-errors@0.1.1
110 silly currentTree ├── ronin-logger@0.1.1
110 silly currentTree ├── ronin-mocks@0.1.11
110 silly currentTree ├── ronin-server@0.1.3
110 silly currentTree ├── safe-buffer@5.2.1
110 silly currentTree ├── safer-buffer@2.1.2
110 silly currentTree ├── saslprep@1.0.3
110 silly currentTree ├── semver@5.7.1
110 silly currentTree ├─┬ send@0.18.0
110 silly currentTree │ └── depd@2.0.0
110 silly currentTree ├── serve-static@1.15.0
110 silly currentTree ├── setprototypeof@1.2.0
110 silly currentTree ├── side-channel@1.0.4
110 silly currentTree ├── sparse-bitfield@3.0.3
110 silly currentTree ├── statuses@2.0.1
110 silly currentTree ├── stoppable@1.1.0
110 silly currentTree ├── streamsearch@1.1.0
110 silly currentTree ├─┬ string_decoder@1.1.1
110 silly currentTree │ └── safe-buffer@5.1.2
110 silly currentTree ├── supports-color@5.5.0
110 silly currentTree ├── toidentifier@1.0.1
110 silly currentTree ├── type-is@1.6.18
110 silly currentTree ├── unpipe@1.0.0
110 silly currentTree ├── util-deprecate@1.0.2
110 silly currentTree ├── utils-merge@1.0.1
110 silly currentTree ├── uuid@8.3.2
110 silly currentTree └── vary@1.1.2
111 silly idealTree ec2-user@1.0.0
111 silly idealTree ├── accepts@1.3.8
111 silly idealTree ├── ansi-styles@3.2.1
111 silly idealTree ├── array-flatten@1.1.1
111 silly idealTree ├── bl@2.2.1
111 silly idealTree ├─┬ body-parser@1.20.1
111 silly idealTree │ └── depd@2.0.0
111 silly idealTree ├── bson@1.1.6
111 silly idealTree ├── buffer-equal-constant-time@1.0.1
111 silly idealTree ├── busboy@1.6.0
111 silly idealTree ├── bytes@3.1.2
111 silly idealTree ├── call-bind@1.0.2
111 silly idealTree ├── chalk@2.4.2
111 silly idealTree ├── color-convert@1.9.3
111 silly idealTree ├── color-name@1.1.3
111 silly idealTree ├── content-disposition@0.5.4
111 silly idealTree ├── content-type@1.0.4
111 silly idealTree ├── cookie-parser@1.4.6
111 silly idealTree ├── cookie-signature@1.0.6
111 silly idealTree ├── cookie@0.4.1
111 silly idealTree ├── cookies@0.7.3
111 silly idealTree ├── core-util-is@1.0.3
111 silly idealTree ├── cors@2.8.5
111 silly idealTree ├─┬ debug@2.6.9
111 silly idealTree │ └── ms@2.0.0
111 silly idealTree ├── denque@1.5.1
111 silly idealTree ├── depd@1.1.2
111 silly idealTree ├── destroy@1.2.0
111 silly idealTree ├── ecdsa-sig-formatter@1.0.11
111 silly idealTree ├── ee-first@1.1.1
111 silly idealTree ├── encodeurl@1.0.2
111 silly idealTree ├── escape-html@1.0.3
111 silly idealTree ├── escape-string-regexp@1.0.5
111 silly idealTree ├── etag@1.8.1
111 silly idealTree ├── express-fileupload@1.4.0
111 silly idealTree ├─┬ express@4.18.2
111 silly idealTree │ ├── cookie@0.5.0
111 silly idealTree │ └── depd@2.0.0
111 silly idealTree ├── finalhandler@1.2.0
111 silly idealTree ├── forwarded@0.2.0
111 silly idealTree ├── fresh@0.5.2
111 silly idealTree ├── function-bind@1.1.1
111 silly idealTree ├── get-intrinsic@1.1.3
111 silly idealTree ├── has-flag@3.0.0
111 silly idealTree ├── has-symbols@1.0.3
111 silly idealTree ├── has@1.0.3
111 silly idealTree ├─┬ http-errors@2.0.0
111 silly idealTree │ └── depd@2.0.0
111 silly idealTree ├── iconv-lite@0.4.24
111 silly idealTree ├── inherits@2.0.4
111 silly idealTree ├── ipaddr.js@1.9.1
111 silly idealTree ├── isarray@1.0.0
111 silly idealTree ├── jsonwebtoken@8.5.1
111 silly idealTree ├── jwa@1.4.1
111 silly idealTree ├── jws@3.2.2
111 silly idealTree ├── keygrip@1.0.3
111 silly idealTree ├── lodash.includes@4.3.0
111 silly idealTree ├── lodash.isboolean@3.0.3
111 silly idealTree ├── lodash.isinteger@4.0.4
111 silly idealTree ├── lodash.isnumber@3.0.3
111 silly idealTree ├── lodash.isplainobject@4.0.6
111 silly idealTree ├── lodash.isstring@4.0.1
111 silly idealTree ├── lodash.once@4.1.1
111 silly idealTree ├── media-typer@0.3.0
111 silly idealTree ├── memory-pager@1.5.0
111 silly idealTree ├── merge-descriptors@1.0.1
111 silly idealTree ├── methods@1.1.2
111 silly idealTree ├── mime-db@1.52.0
111 silly idealTree ├── mime-types@2.1.35
111 silly idealTree ├── mime@1.6.0
111 silly idealTree ├── moment@2.29.4
111 silly idealTree ├── mongodb@3.7.3
111 silly idealTree ├── ms@2.1.3
111 silly idealTree ├── negotiator@0.6.3
111 silly idealTree ├── object-assign@4.1.1
111 silly idealTree ├── object-inspect@1.12.3
111 silly idealTree ├── on-finished@2.4.1
111 silly idealTree ├── optional-require@1.1.8
111 silly idealTree ├── parseurl@1.3.3
111 silly idealTree ├── path-to-regexp@0.1.7
111 silly idealTree ├── pluralize@8.0.0
111 silly idealTree ├── process-nextick-args@2.0.1
111 silly idealTree ├── proxy-addr@2.0.7
111 silly idealTree ├── qs@6.11.0
111 silly idealTree ├── range-parser@1.2.1
111 silly idealTree ├── raw-body@2.5.1
111 silly idealTree ├─┬ readable-stream@2.3.7
111 silly idealTree │ └── safe-buffer@5.1.2
111 silly idealTree ├── require-at@1.0.6
111 silly idealTree ├── ronin-database@0.1.1
111 silly idealTree ├── ronin-entity@0.1.11
111 silly idealTree ├── ronin-errors@0.1.1
111 silly idealTree ├── ronin-logger@0.1.1
111 silly idealTree ├── ronin-mocks@0.1.11
111 silly idealTree ├── ronin-server@0.1.3
111 silly idealTree ├── safe-buffer@5.2.1
111 silly idealTree ├── safer-buffer@2.1.2
111 silly idealTree ├── saslprep@1.0.3
111 silly idealTree ├── semver@5.7.1
111 silly idealTree ├─┬ send@0.18.0
111 silly idealTree │ └── depd@2.0.0
111 silly idealTree ├── serve-static@1.15.0
111 silly idealTree ├── setprototypeof@1.2.0
111 silly idealTree ├── side-channel@1.0.4
111 silly idealTree ├── sparse-bitfield@3.0.3
111 silly idealTree ├── statuses@2.0.1
111 silly idealTree ├── stoppable@1.1.0
111 silly idealTree ├── streamsearch@1.1.0
111 silly idealTree ├─┬ string_decoder@1.1.1
111 silly idealTree │ └── safe-buffer@5.1.2
111 silly idealTree ├── supports-color@5.5.0
111 silly idealTree ├── toidentifier@1.0.1
111 silly idealTree ├── type-is@1.6.18
111 silly idealTree ├── unpipe@1.0.0
111 silly idealTree ├── util-deprecate@1.0.2
111 silly idealTree ├── utils-merge@1.0.1
111 silly idealTree ├── uuid@8.3.2
111 silly idealTree └── vary@1.1.2
112 silly install generateActionsToTake
113 timing stage:generateActionsToTake Completed in 25ms
114 silly diffTrees action count 3
115 silly diffTrees update cookie@0.5.0
116 silly diffTrees update depd@2.0.0
117 silly diffTrees update express@4.18.2
118 silly decomposeActions action count 24
119 silly decomposeActions unbuild cookie@0.5.0
120 silly decomposeActions remove cookie@0.5.0
121 silly decomposeActions fetch express@4.18.2
122 silly decomposeActions extract express@4.18.2
123 silly decomposeActions preinstall cookie@0.5.0
124 silly decomposeActions build cookie@0.5.0
125 silly decomposeActions install cookie@0.5.0
126 silly decomposeActions postinstall cookie@0.5.0
127 silly decomposeActions refresh-package-json cookie@0.5.0
128 silly decomposeActions unbuild depd@2.0.0
129 silly decomposeActions remove depd@2.0.0
130 silly decomposeActions preinstall depd@2.0.0
131 silly decomposeActions build depd@2.0.0
132 silly decomposeActions install depd@2.0.0
133 silly decomposeActions postinstall depd@2.0.0
134 silly decomposeActions refresh-package-json depd@2.0.0
135 silly decomposeActions unbuild express@4.18.2
136 silly decomposeActions remove express@4.18.2
137 silly decomposeActions preinstall express@4.18.2
138 silly decomposeActions build express@4.18.2
139 silly decomposeActions install express@4.18.2
140 silly decomposeActions postinstall express@4.18.2
141 silly decomposeActions finalize express@4.18.2
142 silly decomposeActions refresh-package-json express@4.18.2
143 silly install executeActions
144 silly doSerial global-install 24
145 verbose correctMkdir /home/ec2-user/.npm/_locks correctMkdir not in flight; initializing
146 verbose lock using /home/ec2-user/.npm/_locks/staging-58dc17b1b9dd7b7f.lock for /home/ec2-user/node_modules/.staging
147 silly doParallel extract 1
148 silly extract express@4.18.2
149 silly tarball no local data for file:express. Extracting by manifest.
150 info lifecycle express@4.18.2~prepack: express@4.18.2
151 info lifecycle express@4.18.2~postpack: express@4.18.2
152 silly extract file:express extracted to /home/ec2-user/node_modules/.staging/express-8ec78999 (107ms)
153 timing action:extract Completed in 111ms
154 verbose unlock done using /home/ec2-user/.npm/_locks/staging-58dc17b1b9dd7b7f.lock for /home/ec2-user/node_modules/.staging
155 timing stage:rollbackFailedOptional Completed in 0ms
156 timing stage:runTopLevelLifecycles Completed in 1816ms
157 silly saveTree ec2-user@1.0.0
157 silly saveTree ├─┬ express@4.18.2
157 silly saveTree │ ├─┬ accepts@1.3.8
157 silly saveTree │ │ ├─┬ mime-types@2.1.35
157 silly saveTree │ │ │ └── mime-db@1.52.0
157 silly saveTree │ │ └── negotiator@0.6.3
157 silly saveTree │ ├── array-flatten@1.1.1
157 silly saveTree │ ├─┬ body-parser@1.20.1
157 silly saveTree │ │ ├── bytes@3.1.2
157 silly saveTree │ │ ├── content-type@1.0.4
157 silly saveTree │ │ ├─┬ debug@2.6.9
157 silly saveTree │ │ │ └── ms@2.0.0
157 silly saveTree │ │ ├── depd@2.0.0
157 silly saveTree │ │ ├── destroy@1.2.0
157 silly saveTree │ │ ├─┬ http-errors@2.0.0
157 silly saveTree │ │ │ ├── depd@2.0.0
157 silly saveTree │ │ │ ├── inherits@2.0.4
157 silly saveTree │ │ │ ├── setprototypeof@1.2.0
157 silly saveTree │ │ │ ├── statuses@2.0.1
157 silly saveTree │ │ │ └── toidentifier@1.0.1
157 silly saveTree │ │ ├─┬ iconv-lite@0.4.24
157 silly saveTree │ │ │ └── safer-buffer@2.1.2
157 silly saveTree │ │ ├─┬ on-finished@2.4.1
157 silly saveTree │ │ │ └── ee-first@1.1.1
157 silly saveTree │ │ ├─┬ qs@6.11.0
157 silly saveTree │ │ │ └─┬ side-channel@1.0.4
157 silly saveTree │ │ │   ├─┬ call-bind@1.0.2
157 silly saveTree │ │ │   │ ├── function-bind@1.1.1
157 silly saveTree │ │ │   │ └─┬ get-intrinsic@1.1.3
157 silly saveTree │ │ │   │   ├── has-symbols@1.0.3
157 silly saveTree │ │ │   │   └── has@1.0.3
157 silly saveTree │ │ │   ├── get-intrinsic@1.1.3
157 silly saveTree │ │ │   └── object-inspect@1.12.3
157 silly saveTree │ │ ├─┬ raw-body@2.5.1
157 silly saveTree │ │ │ └── unpipe@1.0.0
157 silly saveTree │ │ ├─┬ type-is@1.6.18
157 silly saveTree │ │ │ └── media-typer@0.3.0
157 silly saveTree │ │ └── unpipe@1.0.0
157 silly saveTree │ ├─┬ content-disposition@0.5.4
157 silly saveTree │ │ └── safe-buffer@5.2.1
157 silly saveTree │ ├── content-type@1.0.4
157 silly saveTree │ ├── cookie-signature@1.0.6
157 silly saveTree │ ├── cookie@0.5.0
157 silly saveTree │ ├── debug@2.6.9
157 silly saveTree │ ├── depd@2.0.0
157 silly saveTree │ ├── encodeurl@1.0.2
157 silly saveTree │ ├── escape-html@1.0.3
157 silly saveTree │ ├── etag@1.8.1
157 silly saveTree │ ├─┬ finalhandler@1.2.0
157 silly saveTree │ │ └── parseurl@1.3.3
157 silly saveTree │ ├── fresh@0.5.2
157 silly saveTree │ ├── http-errors@2.0.0
157 silly saveTree │ ├── merge-descriptors@1.0.1
157 silly saveTree │ ├── methods@1.1.2
157 silly saveTree │ ├── on-finished@2.4.1
157 silly saveTree │ ├── parseurl@1.3.3
157 silly saveTree │ ├── path-to-regexp@0.1.7
157 silly saveTree │ ├─┬ proxy-addr@2.0.7
157 silly saveTree │ │ ├── forwarded@0.2.0
157 silly saveTree │ │ └── ipaddr.js@1.9.1
157 silly saveTree │ ├── qs@6.11.0
157 silly saveTree │ ├── range-parser@1.2.1
157 silly saveTree │ ├── safe-buffer@5.2.1
157 silly saveTree │ ├─┬ send@0.18.0
157 silly saveTree │ │ ├── depd@2.0.0
157 silly saveTree │ │ ├── mime@1.6.0
157 silly saveTree │ │ └── ms@2.1.3
157 silly saveTree │ ├── serve-static@1.15.0
157 silly saveTree │ ├── setprototypeof@1.2.0
157 silly saveTree │ ├── statuses@2.0.1
157 silly saveTree │ ├── type-is@1.6.18
157 silly saveTree │ ├── utils-merge@1.0.1
157 silly saveTree │ └── vary@1.1.2
157 silly saveTree ├─┬ ronin-mocks@0.1.11
157 silly saveTree │ ├── pluralize@8.0.0
157 silly saveTree │ ├─┬ ronin-database@0.1.1
157 silly saveTree │ │ ├─┬ mongodb@3.7.3
157 silly saveTree │ │ │ ├─┬ bl@2.2.1
157 silly saveTree │ │ │ │ └─┬ readable-stream@2.3.7
157 silly saveTree │ │ │ │   ├── core-util-is@1.0.3
157 silly saveTree │ │ │ │   ├── isarray@1.0.0
157 silly saveTree │ │ │ │   ├── process-nextick-args@2.0.1
157 silly saveTree │ │ │ │   ├── safe-buffer@5.1.2
157 silly saveTree │ │ │ │   ├─┬ string_decoder@1.1.1
157 silly saveTree │ │ │ │   │ └── safe-buffer@5.1.2
157 silly saveTree │ │ │ │   └── util-deprecate@1.0.2
157 silly saveTree │ │ │ ├── bson@1.1.6
157 silly saveTree │ │ │ ├── denque@1.5.1
157 silly saveTree │ │ │ ├─┬ optional-require@1.1.8
157 silly saveTree │ │ │ │ └── require-at@1.0.6
157 silly saveTree │ │ │ └─┬ saslprep@1.0.3
157 silly saveTree │ │ │   └─┬ sparse-bitfield@3.0.3
157 silly saveTree │ │ │     └── memory-pager@1.5.0
157 silly saveTree │ │ └─┬ ronin-logger@0.1.1
157 silly saveTree │ │   ├─┬ chalk@2.4.2
157 silly saveTree │ │   │ ├─┬ ansi-styles@3.2.1
157 silly saveTree │ │   │ │ └─┬ color-convert@1.9.3
157 silly saveTree │ │   │ │   └── color-name@1.1.3
157 silly saveTree │ │   │ ├── escape-string-regexp@1.0.5
157 silly saveTree │ │   │ └─┬ supports-color@5.5.0
157 silly saveTree │ │   │   └── has-flag@3.0.0
157 silly saveTree │ │   └── moment@2.29.4
157 silly saveTree │ ├── ronin-entity@0.1.11
157 silly saveTree │ ├─┬ ronin-errors@0.1.1
157 silly saveTree │ │ ├─┬ cookies@0.7.3
157 silly saveTree │ │ │ ├── depd@1.1.2
157 silly saveTree │ │ │ └── keygrip@1.0.3
157 silly saveTree │ │ └─┬ jsonwebtoken@8.5.1
157 silly saveTree │ │   ├─┬ jws@3.2.2
157 silly saveTree │ │   │ └─┬ jwa@1.4.1
157 silly saveTree │ │   │   ├── buffer-equal-constant-time@1.0.1
157 silly saveTree │ │   │   └── ecdsa-sig-formatter@1.0.11
157 silly saveTree │ │   ├── lodash.includes@4.3.0
157 silly saveTree │ │   ├── lodash.isboolean@3.0.3
157 silly saveTree │ │   ├── lodash.isinteger@4.0.4
157 silly saveTree │ │   ├── lodash.isnumber@3.0.3
157 silly saveTree │ │   ├── lodash.isplainobject@4.0.6
157 silly saveTree │ │   ├── lodash.isstring@4.0.1
157 silly saveTree │ │   ├── lodash.once@4.1.1
157 silly saveTree │ │   └── semver@5.7.1
157 silly saveTree │ ├── ronin-logger@0.1.1
157 silly saveTree │ └── uuid@8.3.2
157 silly saveTree └─┬ ronin-server@0.1.3
157 silly saveTree   ├─┬ cookie-parser@1.4.6
157 silly saveTree   │ └── cookie@0.4.1
157 silly saveTree   ├─┬ cors@2.8.5
157 silly saveTree   │ └── object-assign@4.1.1
157 silly saveTree   ├─┬ express-fileupload@1.4.0
157 silly saveTree   │ └─┬ busboy@1.6.0
157 silly saveTree   │   └── streamsearch@1.1.0
157 silly saveTree   └── stoppable@1.1.0
158 warn ec2-user@1.0.0 No description
159 warn ec2-user@1.0.0 No repository field.
160 verbose stack Error: ENOENT: no such file or directory, rename '/home/ec2-user/node_modules/.staging/express-8ec78999/node_modules/cookie' -> '/home/ec2-user/node_modules/.staging/cookie-184dacb0'
161 verbose cwd /home/ec2-user/node_modules
162 verbose Linux 5.10.157-139.675.amzn2.x86_64
163 verbose argv "/home/ec2-user/.nvm/versions/node/v12.22.12/bin/node" "/home/ec2-user/.nvm/versions/node/v12.22.12/bin/npm" "install" "express"
164 verbose node v12.22.12
165 verbose npm  v6.14.16
166 error code ENOENT
167 error syscall rename
168 error path /home/ec2-user/node_modules/.staging/express-8ec78999/node_modules/cookie
169 error dest /home/ec2-user/node_modules/.staging/cookie-184dacb0
170 error errno -2
171 error enoent ENOENT: no such file or directory, rename '/home/ec2-user/node_modules/.staging/express-8ec78999/node_modules/cookie' -> '/home/ec2-user/node_modules/.staging/cookie-184dacb0'
172 error enoent This is related to npm not being able to find a file.
173 verbose exit [ -2, true ]
